app/build/intermediates/manifest_merge_blame_file/debug/manifest-merger-blame-debug-report.txt
1<?xml version="1.0" encoding="utf-8"?>
2<manifest xmlns:android="http://schemas.android.com/apk/res/android"
3    package="com.learning.firebase"
4    android:versionCode="1"
5    android:versionName="1.0" >
6
7    <uses-sdk
8        android:minSdkVersion="21"
8-->src/main/AndroidManifest.xml
9        android:targetSdkVersion="30" />
9-->src/main/AndroidManifest.xml
10
11    <uses-permission android:name="android.permission.INTERNET" />
11-->src/main/AndroidManifest.xml:5:5-67
11-->src/main/AndroidManifest.xml:5:22-64
12    <!-- Although the *SdkVersion is captured in gradle build files, this is required for non gradle builds -->
13    <!-- <uses-sdk android:minSdkVersion="14"/> -->
14    <uses-permission android:name="android.permission.ACCESS_NETWORK_STATE" />
14-->[com.google.firebase:firebase-database:19.3.1] AndroidManifest.xml:25:5-79
14-->[com.google.firebase:firebase-database:19.3.1] AndroidManifest.xml:25:22-76
15
16    <application
16-->src/main/AndroidManifest.xml:7:5-24:19
17        android:allowBackup="true"
17-->src/main/AndroidManifest.xml:8:9-35
18        android:appComponentFactory="androidx.core.app.CoreComponentFactory"
18-->[androidx.core:core:1.1.0] AndroidManifest.xml:24:18-86
19        android:debuggable="true"
20        android:icon="@mipmap/ic_launcher"
20-->src/main/AndroidManifest.xml:9:9-43
21        android:label="@string/app_name"
21-->src/main/AndroidManifest.xml:10:9-41
22        android:roundIcon="@mipmap/ic_launcher_round"
22-->src/main/AndroidManifest.xml:11:9-54
23        android:supportsRtl="true"
23-->src/main/AndroidManifest.xml:12:9-35
24        android:testOnly="true"
25        android:theme="@style/AppTheme" >
25-->src/main/AndroidManifest.xml:13:9-40
26        <activity android:name="com.learning.firebase.MainActivity" >
26-->src/main/AndroidManifest.xml:14:9-20:20
26-->src/main/AndroidManifest.xml:14:19-47
27            <intent-filter>
27-->src/main/AndroidManifest.xml:15:13-19:29
28                <action android:name="android.intent.action.MAIN" />
28-->src/main/AndroidManifest.xml:16:17-69
28-->src/main/AndroidManifest.xml:16:25-66
29
30                <category android:name="android.intent.category.LAUNCHER" />
30-->src/main/AndroidManifest.xml:18:17-77
30-->src/main/AndroidManifest.xml:18:27-74
31            </intent-filter>
32        </activity>
33        <activity android:name="com.learning.firebase.SignInActivity" />
33-->src/main/AndroidManifest.xml:22:9-52
33-->src/main/AndroidManifest.xml:22:19-49
34        <activity
34-->[com.google.android.gms:play-services-auth:18.1.0] AndroidManifest.xml:23:9-27:75
35            android:name="com.google.android.gms.auth.api.signin.internal.SignInHubActivity"
35-->[com.google.android.gms:play-services-auth:18.1.0] AndroidManifest.xml:24:13-93
36            android:excludeFromRecents="true"
36-->[com.google.android.gms:play-services-auth:18.1.0] AndroidManifest.xml:25:13-46
37            android:exported="false"
37-->[com.google.android.gms:play-services-auth:18.1.0] AndroidManifest.xml:26:13-37
38            android:theme="@android:style/Theme.Translucent.NoTitleBar" />
38-->[com.google.android.gms:play-services-auth:18.1.0] AndroidManifest.xml:27:13-72
39        <!--
40            Service handling Google Sign-In user revocation. For apps that do not integrate with
41            Google Sign-In, this service will never be started.
42        -->
43        <service
43-->[com.google.android.gms:play-services-auth:18.1.0] AndroidManifest.xml:33:9-37:51
44            android:name="com.google.android.gms.auth.api.signin.RevocationBoundService"
44-->[com.google.android.gms:play-services-auth:18.1.0] AndroidManifest.xml:34:13-89
45            android:exported="true"
45-->[com.google.android.gms:play-services-auth:18.1.0] AndroidManifest.xml:35:13-36
46            android:permission="com.google.android.gms.auth.api.signin.permission.REVOCATION_NOTIFICATION"
46-->[com.google.android.gms:play-services-auth:18.1.0] AndroidManifest.xml:36:13-107
47            android:visibleToInstantApps="true" />
47-->[com.google.android.gms:play-services-auth:18.1.0] AndroidManifest.xml:37:13-48
48        <service
48-->[com.google.firebase:firebase-database:19.3.1] AndroidManifest.xml:29:9-35:19
49            android:name="com.google.firebase.components.ComponentDiscoveryService"
49-->[com.google.firebase:firebase-database:19.3.1] AndroidManifest.xml:30:13-84
50            android:directBootAware="true"
50-->[com.google.firebase:firebase-common:19.3.0] AndroidManifest.xml:34:13-43
51            android:exported="false" >
51-->[com.google.firebase:firebase-database:19.3.1] AndroidManifest.xml:31:13-37
52            <meta-data
52-->[com.google.firebase:firebase-database:19.3.1] AndroidManifest.xml:32:13-34:85
53                android:name="com.google.firebase.components:com.google.firebase.database.DatabaseRegistrar"
53-->[com.google.firebase:firebase-database:19.3.1] AndroidManifest.xml:33:17-109
54                android:value="com.google.firebase.components.ComponentRegistrar" />
54-->[com.google.firebase:firebase-database:19.3.1] AndroidManifest.xml:34:17-82
55            <meta-data
55-->[com.google.firebase:firebase-storage:19.1.1] AndroidManifest.xml:33:13-35:85
56                android:name="com.google.firebase.components:com.google.firebase.storage.StorageRegistrar"
56-->[com.google.firebase:firebase-storage:19.1.1] AndroidManifest.xml:34:17-107
57                android:value="com.google.firebase.components.ComponentRegistrar" />
57-->[com.google.firebase:firebase-storage:19.1.1] AndroidManifest.xml:35:17-82
58            <meta-data
58-->[com.google.firebase:firebase-auth:19.3.2] AndroidManifest.xml:36:13-38:85
59                android:name="com.google.firebase.components:com.google.firebase.auth.FirebaseAuthRegistrar"
59-->[com.google.firebase:firebase-auth:19.3.2] AndroidManifest.xml:37:17-109
60                android:value="com.google.firebase.components.ComponentRegistrar" />
60-->[com.google.firebase:firebase-auth:19.3.2] AndroidManifest.xml:38:17-82
61        </service>
62
63        <activity
63-->[com.google.firebase:firebase-auth:19.3.2] AndroidManifest.xml:24:9-31:50
64            android:name="com.google.firebase.auth.internal.FederatedSignInActivity"
64-->[com.google.firebase:firebase-auth:19.3.2] AndroidManifest.xml:25:13-85
65            android:excludeFromRecents="true"
65-->[com.google.firebase:firebase-auth:19.3.2] AndroidManifest.xml:26:13-46
66            android:exported="true"
66-->[com.google.firebase:firebase-auth:19.3.2] AndroidManifest.xml:27:13-36
67            android:launchMode="singleTask"
67-->[com.google.firebase:firebase-auth:19.3.2] AndroidManifest.xml:28:13-44
68            android:permission="com.google.firebase.auth.api.gms.permission.LAUNCH_FEDERATED_SIGN_IN"
68-->[com.google.firebase:firebase-auth:19.3.2] AndroidManifest.xml:29:13-102
69            android:theme="@android:style/Theme.Translucent.NoTitleBar" />
69-->[com.google.firebase:firebase-auth:19.3.2] AndroidManifest.xml:30:13-72
70        <activity
70-->[com.google.android.gms:play-services-base:17.1.0] AndroidManifest.xml:23:9-26:75
71            android:name="com.google.android.gms.common.api.GoogleApiActivity"
71-->[com.google.android.gms:play-services-base:17.1.0] AndroidManifest.xml:24:13-79
72            android:exported="false"
72-->[com.google.android.gms:play-services-base:17.1.0] AndroidManifest.xml:25:13-37
73            android:theme="@android:style/Theme.Translucent.NoTitleBar" />
73-->[com.google.android.gms:play-services-base:17.1.0] AndroidManifest.xml:26:13-72
74
75        <provider
75-->[com.google.firebase:firebase-common:19.3.0] AndroidManifest.xml:26:9-30:39
76            android:name="com.google.firebase.provider.FirebaseInitProvider"
76-->[com.google.firebase:firebase-common:19.3.0] AndroidManifest.xml:27:13-77
77            android:authorities="com.learning.firebase.firebaseinitprovider"
77-->[com.google.firebase:firebase-common:19.3.0] AndroidManifest.xml:28:13-72
78            android:exported="false"
78-->[com.google.firebase:firebase-common:19.3.0] AndroidManifest.xml:29:13-37
79            android:initOrder="100" />
79-->[com.google.firebase:firebase-common:19.3.0] AndroidManifest.xml:30:13-36
80
81        <meta-data
81-->[com.google.android.gms:play-services-basement:17.1.1] AndroidManifest.xml:23:9-25:69
82            android:name="com.google.android.gms.version"
82-->[com.google.android.gms:play-services-basement:17.1.1] AndroidManifest.xml:24:13-58
83            android:value="@integer/google_play_services_version" />
83-->[com.google.android.gms:play-services-basement:17.1.1] AndroidManifest.xml:25:13-66
84    </application>
85
86</manifest>